<?xml version="1.0" encoding="UTF-8"?>
<!-- Generated by org.testng.reporters.JUnitReportReporter -->
<testsuite hostname="ARIJIT-PC" failures="0" tests="2" name="ArijitSampleSpicejetSeleniumJava.E2EProject.HomePage" time="19.757" errors="0" timestamp="2021-08-11T18:31:07 EDT" skipped="0">
  <testcase classname="ArijitSampleSpicejetSeleniumJava.E2EProject.HomePage" name="HomePageNavigation" time="7.742"/>
  <system-out/>
  <testcase classname="ArijitSampleSpicejetSeleniumJava.E2EProject.HomePage" name="HomePageNavigation" time="12.015"/>
  <system-out/>
</testsuite> <!-- ArijitSampleSpicejetSeleniumJava.E2EProject.HomePage -->
