<?xml version="1.0" encoding="UTF-8"?>
<!-- Generated by org.testng.reporters.JUnitReportReporter -->
<testsuite hostname="ARIJIT-PC" failures="0" tests="1" name="ArijitSampleSpicejetSeleniumJava.E2EProject.ValidateHomePage" time="0.182" errors="0" timestamp="2021-08-11T18:31:07 EDT" skipped="0">
  <testcase classname="ArijitSampleSpicejetSeleniumJava.E2EProject.ValidateHomePage" name="validateHomePage" time="0.182"/>
  <system-out/>
</testsuite> <!-- ArijitSampleSpicejetSeleniumJava.E2EProject.ValidateHomePage -->
