<?xml version="1.0" encoding="UTF-8"?>
<!-- Generated by org.testng.reporters.JUnitReportReporter -->
<testsuite hostname="ARIJIT-PC" failures="0" tests="1" name="ArijitSampleSpicejetSeleniumJava.E2EProject.ValidateHomePage" time="0.069" errors="0" timestamp="12 Aug 2021 16:59:07 GMT">
  <testcase classname="ArijitSampleSpicejetSeleniumJava.E2EProject.ValidateHomePage" name="validateHomePage" time="0.069"/>
</testsuite> <!-- ArijitSampleSpicejetSeleniumJava.E2EProject.ValidateHomePage -->
