<?xml version="1.0" encoding="UTF-8"?>
<!-- Generated by org.testng.reporters.JUnitReportReporter -->
<testsuite hostname="ARIJIT-PC" failures="0" tests="2" name="ArijitSampleSpicejetSeleniumJava.E2EProject.ValidateNavigationBar" time="0.085" errors="0" timestamp="12 Aug 2021 16:59:07 GMT">
  <testcase classname="ArijitSampleSpicejetSeleniumJava.E2EProject.ValidateNavigationBar" name="validateHomePage" time="0.036"/>
  <testcase classname="ArijitSampleSpicejetSeleniumJava.E2EProject.ValidateNavigationBar" name="validateHeader" time="0.049"/>
</testsuite> <!-- ArijitSampleSpicejetSeleniumJava.E2EProject.ValidateNavigationBar -->
