<?xml version="1.0" encoding="UTF-8"?>
<!-- Generated by org.testng.reporters.JUnitReportReporter -->
<testsuite hostname="ARIJIT-PC" failures="0" tests="2" name="ArijitSampleSpicejetSeleniumJava.E2EProject.Login" time="16.388" errors="0" timestamp="12 Aug 2021 16:59:07 GMT">
  <testcase classname="ArijitSampleSpicejetSeleniumJava.E2EProject.Login" name="HomePageNavigation" time="7.480"/>
  <testcase classname="ArijitSampleSpicejetSeleniumJava.E2EProject.Login" name="HomePageNavigation" time="8.908"/>
</testsuite> <!-- ArijitSampleSpicejetSeleniumJava.E2EProject.Login -->
